<?xml version="1.0" encoding="UTF-8"?>
<!-- Generated by org.testng.reporters.JUnitXMLReporter -->
<testsuite ignored="0" hostname="DESKTOP-G6SQ24B" failures="1" tests="9" name="Test" time="299.291" errors="0" timestamp="2025-03-09T12:51:15 IST">
  <testcase classname="testscripts.smoke.ui.LibrayTest" name="verifyQuestionCount" time="7.456">
    <failure type="java.lang.AssertionError" message="All Question count was 2358 where as sum of other type questions 161 expected [2358] but found [161]">
      <![CDATA[java.lang.AssertionError: All Question count was 2358 where as sum of other type questions 161 expected [2358] but found [161]
at testscripts.smoke.ui.LibrayTest.verifyQuestionCount(LibrayTest.java:36)
at java.base/java.util.ArrayList.forEach(ArrayList.java:1511)
... Removed 32 stack frames]]>
    </failure>
  </testcase> <!-- verifyQuestionCount -->
  <testcase classname="testscripts.smoke.ui.DashboardTest" name="verifyDashboardUiElements" time="4.305"/>
  <testcase classname="testscripts.smoke.functional.CreateQuestionTest" name="verifyCreateQuestion" time="31.162"/>
  <testcase classname="testscripts.smoke.functional.CreateQuestionTest" name="verifyCreateQuestionDataDriven" time="12.91"/>
  <testcase classname="testscripts.smoke.functional.CreateQuestionTest" name="verifyCreateQuestionDataDriven" time="15.203"/>
  <testcase classname="testscripts.smoke.functional.CreateQuestionTest" name="verifyCreateQuestionDataDriven" time="25.849"/>
  <testcase classname="testscripts.smoke.functional.CreateQuestionTest" name="verifyCreateQuestionDataDriven" time="20.833"/>
  <testcase classname="testscripts.smoke.functional.CreateQuestionTest" name="verifyCreateQuestionDataDriven" time="23.344"/>
  <testcase classname="testscripts.smoke.functional.LoginTest" name="verifyLoginForValidCredentials" time="5.309"/>
</testsuite> <!-- Test -->
