<?xml version="1.0" encoding="UTF-8"?>
<testng-results ignored="0" total="9" passed="8" failed="1" skipped="0">
  <reporter-output>
  </reporter-output>
  <suite started-at="2025-03-09T12:46:16 IST" name="Suite" finished-at="2025-03-09T12:51:15 IST" duration-ms="299291">
    <groups>
    </groups>
    <test started-at="2025-03-09T12:46:16 IST" name="Test" finished-at="2025-03-09T12:51:15 IST" duration-ms="299291">
      <class name="testscripts.smoke.functional.LoginTest">
        <test-method is-config="true" signature="setup()[pri:0, instance:testscripts.smoke.functional.LoginTest@6cd28fa7]" started-at="2025-03-09T12:50:50 IST" name="setup" finished-at="2025-03-09T12:51:07 IST" duration-ms="17036" status="PASS">
          <reporter-output>
          </reporter-output>
        </test-method> <!-- setup -->
        <test-method signature="verifyLoginForValidCredentials()[pri:0, instance:testscripts.smoke.functional.LoginTest@6cd28fa7]" started-at="2025-03-09T12:51:07 IST" name="verifyLoginForValidCredentials" finished-at="2025-03-09T12:51:12 IST" duration-ms="5309" status="PASS">
          <reporter-output>
          </reporter-output>
        </test-method> <!-- verifyLoginForValidCredentials -->
        <test-method is-config="true" signature="tearDown()[pri:0, instance:testscripts.smoke.functional.LoginTest@6cd28fa7]" started-at="2025-03-09T12:51:12 IST" name="tearDown" finished-at="2025-03-09T12:51:15 IST" duration-ms="3032" status="PASS">
          <reporter-output>
          </reporter-output>
        </test-method> <!-- tearDown -->
      </class> <!-- testscripts.smoke.functional.LoginTest -->
      <class name="testscripts.smoke.ui.LibrayTest">
        <test-method is-config="true" signature="setup()[pri:0, instance:testscripts.smoke.ui.LibrayTest@4d02f94e]" started-at="2025-03-09T12:46:16 IST" name="setup" finished-at="2025-03-09T12:46:36 IST" duration-ms="20001" status="PASS">
          <reporter-output>
          </reporter-output>
        </test-method> <!-- setup -->
        <test-method signature="verifyQuestionCount()[pri:0, instance:testscripts.smoke.ui.LibrayTest@4d02f94e]" started-at="2025-03-09T12:46:36 IST" name="verifyQuestionCount" finished-at="2025-03-09T12:46:43 IST" duration-ms="7456" status="FAIL">
          <exception class="java.lang.AssertionError">
            <message>
              <![CDATA[All Question count was 2358 where as sum of other type questions 161 expected [2358] but found [161]]]>
            </message>
            <full-stacktrace>
              <![CDATA[java.lang.AssertionError: All Question count was 2358 where as sum of other type questions 161 expected [2358] but found [161]
at org.testng.Assert.fail(Assert.java:99)
at org.testng.Assert.failNotEquals(Assert.java:1037)
at org.testng.Assert.assertEqualsImpl(Assert.java:140)
at org.testng.Assert.assertEquals(Assert.java:122)
at org.testng.Assert.assertEquals(Assert.java:907)
at testscripts.smoke.ui.LibrayTest.verifyQuestionCount(LibrayTest.java:36)
at java.base/jdk.internal.reflect.NativeMethodAccessorImpl.invoke0(Native Method)
at java.base/jdk.internal.reflect.NativeMethodAccessorImpl.invoke(NativeMethodAccessorImpl.java:77)
at java.base/jdk.internal.reflect.DelegatingMethodAccessorImpl.invoke(DelegatingMethodAccessorImpl.java:43)
at java.base/java.lang.reflect.Method.invoke(Method.java:568)
at org.testng.internal.MethodInvocationHelper.invokeMethod(MethodInvocationHelper.java:133)
at org.testng.internal.TestInvoker.invokeMethod(TestInvoker.java:598)
at org.testng.internal.TestInvoker.invokeTestMethod(TestInvoker.java:173)
at org.testng.internal.MethodRunner.runInSequence(MethodRunner.java:46)
at org.testng.internal.TestInvoker$MethodInvocationAgent.invoke(TestInvoker.java:824)
at org.testng.internal.TestInvoker.invokeTestMethods(TestInvoker.java:146)
at org.testng.internal.TestMethodWorker.invokeTestMethods(TestMethodWorker.java:146)
at org.testng.internal.TestMethodWorker.run(TestMethodWorker.java:128)
at java.base/java.util.ArrayList.forEach(ArrayList.java:1511)
at org.testng.TestRunner.privateRun(TestRunner.java:794)
at org.testng.TestRunner.run(TestRunner.java:596)
at org.testng.SuiteRunner.runTest(SuiteRunner.java:377)
at org.testng.SuiteRunner.runSequentially(SuiteRunner.java:371)
at org.testng.SuiteRunner.privateRun(SuiteRunner.java:332)
at org.testng.SuiteRunner.run(SuiteRunner.java:276)
at org.testng.SuiteRunnerWorker.runSuite(SuiteRunnerWorker.java:53)
at org.testng.SuiteRunnerWorker.run(SuiteRunnerWorker.java:96)
at org.testng.TestNG.runSuitesSequentially(TestNG.java:1212)
at org.testng.TestNG.runSuitesLocally(TestNG.java:1134)
at org.testng.TestNG.runSuites(TestNG.java:1063)
at org.testng.TestNG.run(TestNG.java:1031)
at org.testng.remote.AbstractRemoteTestNG.run(AbstractRemoteTestNG.java:115)
at org.testng.remote.RemoteTestNG.initAndRun(RemoteTestNG.java:251)
at org.testng.remote.RemoteTestNG.main(RemoteTestNG.java:77)
]]>
            </full-stacktrace>
          </exception> <!-- java.lang.AssertionError -->
          <reporter-output>
          </reporter-output>
        </test-method> <!-- verifyQuestionCount -->
        <test-method is-config="true" signature="tearDown(org.testng.ITestResult)[pri:0, instance:testscripts.smoke.ui.LibrayTest@4d02f94e]" started-at="2025-03-09T12:46:43 IST" name="tearDown" finished-at="2025-03-09T12:46:44 IST" duration-ms="378" status="PASS">
          <params>
            <param index="0">
              <value>
                <![CDATA[[TestResult name=verifyQuestionCount status=FAILURE method=LibrayTest.verifyQuestionCount()[pri:0, instance:testscripts.smoke.ui.LibrayTest@4d02f94e] output={null}]]]>
              </value>
            </param>
          </params>
          <reporter-output>
          </reporter-output>
        </test-method> <!-- tearDown -->
      </class> <!-- testscripts.smoke.ui.LibrayTest -->
      <class name="testscripts.smoke.ui.DashboardTest">
        <test-method is-config="true" signature="setup()[pri:0, instance:testscripts.smoke.ui.DashboardTest@5acf93bb]" started-at="2025-03-09T12:46:44 IST" name="setup" finished-at="2025-03-09T12:46:56 IST" duration-ms="12772" status="PASS">
          <reporter-output>
          </reporter-output>
        </test-method> <!-- setup -->
        <test-method signature="verifyDashboardUiElements()[pri:0, instance:testscripts.smoke.ui.DashboardTest@5acf93bb]" started-at="2025-03-09T12:46:56 IST" name="verifyDashboardUiElements" finished-at="2025-03-09T12:47:01 IST" duration-ms="4305" status="PASS">
          <reporter-output>
          </reporter-output>
        </test-method> <!-- verifyDashboardUiElements -->
      </class> <!-- testscripts.smoke.ui.DashboardTest -->
      <class name="testscripts.smoke.functional.CreateQuestionTest">
        <test-method is-config="true" signature="setup()[pri:0, instance:testscripts.smoke.functional.CreateQuestionTest@7e7be63f]" started-at="2025-03-09T12:47:01 IST" name="setup" finished-at="2025-03-09T12:47:20 IST" duration-ms="19748" status="PASS">
          <reporter-output>
          </reporter-output>
        </test-method> <!-- setup -->
        <test-method signature="verifyCreateQuestion()[pri:0, instance:testscripts.smoke.functional.CreateQuestionTest@7e7be63f]" started-at="2025-03-09T12:47:20 IST" name="verifyCreateQuestion" finished-at="2025-03-09T12:47:52 IST" duration-ms="31162" status="PASS">
          <reporter-output>
          </reporter-output>
        </test-method> <!-- verifyCreateQuestion -->
        <test-method is-config="true" signature="tearDown(org.testng.ITestResult)[pri:0, instance:testscripts.smoke.functional.CreateQuestionTest@7e7be63f]" started-at="2025-03-09T12:47:52 IST" name="tearDown" finished-at="2025-03-09T12:47:52 IST" duration-ms="1" status="PASS">
          <params>
            <param index="0">
              <value>
                <![CDATA[[TestResult name=verifyCreateQuestion status=SUCCESS method=CreateQuestionTest.verifyCreateQuestion()[pri:0, instance:testscripts.smoke.functional.CreateQuestionTest@7e7be63f] output={null}]]]>
              </value>
            </param>
          </params>
          <reporter-output>
          </reporter-output>
        </test-method> <!-- tearDown -->
        <test-method is-config="true" signature="setup()[pri:0, instance:testscripts.smoke.functional.CreateQuestionTest@7e7be63f]" started-at="2025-03-09T12:47:54 IST" name="setup" finished-at="2025-03-09T12:48:07 IST" duration-ms="13530" status="PASS">
          <reporter-output>
          </reporter-output>
        </test-method> <!-- setup -->
        <test-method signature="verifyCreateQuestionDataDriven(java.lang.String,java.lang.String,java.lang.String,java.lang.String,java.lang.String,java.lang.String,java.lang.String,java.lang.String,java.lang.String,java.lang.String,java.lang.String,java.lang.String,java.lang.String,java.lang.String,java.lang.String)[pri:0, instance:testscripts.smoke.functional.CreateQuestionTest@7e7be63f]" started-at="2025-03-09T12:48:07 IST" name="verifyCreateQuestionDataDriven" data-provider="getDataForCreateQuestion" finished-at="2025-03-09T12:48:20 IST" duration-ms="12910" status="PASS">
          <params>
            <param index="0">
              <value>
                <![CDATA[Local Variable]]>
              </value>
            </param>
            <param index="1">
              <value>
                <![CDATA[Can we declare local variable as private]]>
              </value>
            </param>
            <param index="2">
              <value>
                <![CDATA[Yes]]>
              </value>
            </param>
            <param index="3">
              <value>
                <![CDATA[No]]>
              </value>
            </param>
            <param index="4">
              <value>
                <![CDATA[]]>
              </value>
            </param>
            <param index="5">
              <value>
                <![CDATA[]]>
              </value>
            </param>
            <param index="6">
              <value>
                <![CDATA[]]>
              </value>
            </param>
            <param index="7">
              <value>
                <![CDATA[]]>
              </value>
            </param>
            <param index="8">
              <value>
                <![CDATA[Option 2]]>
              </value>
            </param>
            <param index="9">
              <value>
                <![CDATA[2.0]]>
              </value>
            </param>
            <param index="10">
              <value>
                <![CDATA[Easy]]>
              </value>
            </param>
            <param index="11">
              <value>
                <![CDATA[Nov-Batch]]>
              </value>
            </param>
            <param index="12">
              <value>
                <![CDATA[programming languages: java]]>
              </value>
            </param>
            <param index="13">
              <value>
                <![CDATA[object-oriented]]>
              </value>
            </param>
            <param index="14">
              <value>
                <![CDATA[Question published successfully]]>
              </value>
            </param>
          </params>
          <reporter-output>
          </reporter-output>
        </test-method> <!-- verifyCreateQuestionDataDriven -->
        <test-method is-config="true" signature="tearDown(org.testng.ITestResult)[pri:0, instance:testscripts.smoke.functional.CreateQuestionTest@7e7be63f]" started-at="2025-03-09T12:48:20 IST" name="tearDown" finished-at="2025-03-09T12:48:20 IST" duration-ms="1" status="PASS">
          <params>
            <param index="0">
              <value>
                <![CDATA[[TestResult name=verifyCreateQuestionDataDriven status=SUCCESS method=CreateQuestionTest.verifyCreateQuestionDataDriven(java.lang.String,java.lang.String,java.lang.String,java.lang.String,java.lang.String,java.lang.String,java.lang.String,java.lang.String,java.lang.String,java.lang.String,java.lang.String,java.lang.String,java.lang.String,java.lang.String,java.lang.String)[pri:0, instance:testscripts.smoke.functional.CreateQuestionTest@7e7be63f] output={null}]]]>
              </value>
            </param>
          </params>
          <reporter-output>
          </reporter-output>
        </test-method> <!-- tearDown -->
        <test-method is-config="true" signature="setup()[pri:0, instance:testscripts.smoke.functional.CreateQuestionTest@7e7be63f]" started-at="2025-03-09T12:48:20 IST" name="setup" finished-at="2025-03-09T12:48:34 IST" duration-ms="13969" status="PASS">
          <reporter-output>
          </reporter-output>
        </test-method> <!-- setup -->
        <test-method signature="verifyCreateQuestionDataDriven(java.lang.String,java.lang.String,java.lang.String,java.lang.String,java.lang.String,java.lang.String,java.lang.String,java.lang.String,java.lang.String,java.lang.String,java.lang.String,java.lang.String,java.lang.String,java.lang.String,java.lang.String)[pri:0, instance:testscripts.smoke.functional.CreateQuestionTest@7e7be63f]" started-at="2025-03-09T12:48:34 IST" name="verifyCreateQuestionDataDriven" data-provider="getDataForCreateQuestion" finished-at="2025-03-09T12:48:49 IST" duration-ms="15203" status="PASS">
          <params>
            <param index="0">
              <value>
                <![CDATA[Access Non modifer]]>
              </value>
            </param>
            <param index="1">
              <value>
                <![CDATA[static final private methods are allowed in java]]>
              </value>
            </param>
            <param index="2">
              <value>
                <![CDATA[Yes]]>
              </value>
            </param>
            <param index="3">
              <value>
                <![CDATA[No]]>
              </value>
            </param>
            <param index="4">
              <value>
                <![CDATA[]]>
              </value>
            </param>
            <param index="5">
              <value>
                <![CDATA[]]>
              </value>
            </param>
            <param index="6">
              <value>
                <![CDATA[]]>
              </value>
            </param>
            <param index="7">
              <value>
                <![CDATA[]]>
              </value>
            </param>
            <param index="8">
              <value>
                <![CDATA[Option 1]]>
              </value>
            </param>
            <param index="9">
              <value>
                <![CDATA[3.0]]>
              </value>
            </param>
            <param index="10">
              <value>
                <![CDATA[Medium]]>
              </value>
            </param>
            <param index="11">
              <value>
                <![CDATA[Nov-Batch]]>
              </value>
            </param>
            <param index="12">
              <value>
                <![CDATA[programming languages: java]]>
              </value>
            </param>
            <param index="13">
              <value>
                <![CDATA[object-oriented]]>
              </value>
            </param>
            <param index="14">
              <value>
                <![CDATA[Question published successfully]]>
              </value>
            </param>
          </params>
          <reporter-output>
          </reporter-output>
        </test-method> <!-- verifyCreateQuestionDataDriven -->
        <test-method is-config="true" signature="tearDown(org.testng.ITestResult)[pri:0, instance:testscripts.smoke.functional.CreateQuestionTest@7e7be63f]" started-at="2025-03-09T12:48:49 IST" name="tearDown" finished-at="2025-03-09T12:48:49 IST" duration-ms="1" status="PASS">
          <params>
            <param index="0">
              <value>
                <![CDATA[[TestResult name=verifyCreateQuestionDataDriven status=SUCCESS method=CreateQuestionTest.verifyCreateQuestionDataDriven(java.lang.String,java.lang.String,java.lang.String,java.lang.String,java.lang.String,java.lang.String,java.lang.String,java.lang.String,java.lang.String,java.lang.String,java.lang.String,java.lang.String,java.lang.String,java.lang.String,java.lang.String)[pri:0, instance:testscripts.smoke.functional.CreateQuestionTest@7e7be63f] output={null}]]]>
              </value>
            </param>
          </params>
          <reporter-output>
          </reporter-output>
        </test-method> <!-- tearDown -->
        <test-method is-config="true" signature="setup()[pri:0, instance:testscripts.smoke.functional.CreateQuestionTest@7e7be63f]" started-at="2025-03-09T12:48:49 IST" name="setup" finished-at="2025-03-09T12:49:10 IST" duration-ms="20990" status="PASS">
          <reporter-output>
          </reporter-output>
        </test-method> <!-- setup -->
        <test-method signature="verifyCreateQuestionDataDriven(java.lang.String,java.lang.String,java.lang.String,java.lang.String,java.lang.String,java.lang.String,java.lang.String,java.lang.String,java.lang.String,java.lang.String,java.lang.String,java.lang.String,java.lang.String,java.lang.String,java.lang.String)[pri:0, instance:testscripts.smoke.functional.CreateQuestionTest@7e7be63f]" started-at="2025-03-09T12:49:10 IST" name="verifyCreateQuestionDataDriven" data-provider="getDataForCreateQuestion" finished-at="2025-03-09T12:49:36 IST" duration-ms="25849" status="PASS">
          <params>
            <param index="0">
              <value>
                <![CDATA[Inheritance]]>
              </value>
            </param>
            <param index="1">
              <value>
                <![CDATA[Choose the correct answer from given options, both classes are in parent child relationship]]>
              </value>
            </param>
            <param index="2">
              <value>
                <![CDATA[final class can be inherited if both classes are in same package]]>
              </value>
            </param>
            <param index="3">
              <value>
                <![CDATA[protected class can be inherited outside of the package]]>
              </value>
            </param>
            <param index="4">
              <value>
                <![CDATA[we can override protected methods outside of the package]]>
              </value>
            </param>
            <param index="5">
              <value>
                <![CDATA[if class is default and constructor is public, still we can inherit class outside of package]]>
              </value>
            </param>
            <param index="6">
              <value>
                <![CDATA[]]>
              </value>
            </param>
            <param index="7">
              <value>
                <![CDATA[]]>
              </value>
            </param>
            <param index="8">
              <value>
                <![CDATA[Option 3]]>
              </value>
            </param>
            <param index="9">
              <value>
                <![CDATA[5.0]]>
              </value>
            </param>
            <param index="10">
              <value>
                <![CDATA[Hard]]>
              </value>
            </param>
            <param index="11">
              <value>
                <![CDATA[Nov-Batch]]>
              </value>
            </param>
            <param index="12">
              <value>
                <![CDATA[programming languages: java]]>
              </value>
            </param>
            <param index="13">
              <value>
                <![CDATA[object-oriented]]>
              </value>
            </param>
            <param index="14">
              <value>
                <![CDATA[Question published successfully]]>
              </value>
            </param>
          </params>
          <reporter-output>
          </reporter-output>
        </test-method> <!-- verifyCreateQuestionDataDriven -->
        <test-method is-config="true" signature="tearDown(org.testng.ITestResult)[pri:0, instance:testscripts.smoke.functional.CreateQuestionTest@7e7be63f]" started-at="2025-03-09T12:49:36 IST" name="tearDown" finished-at="2025-03-09T12:49:36 IST" duration-ms="1" status="PASS">
          <params>
            <param index="0">
              <value>
                <![CDATA[[TestResult name=verifyCreateQuestionDataDriven status=SUCCESS method=CreateQuestionTest.verifyCreateQuestionDataDriven(java.lang.String,java.lang.String,java.lang.String,java.lang.String,java.lang.String,java.lang.String,java.lang.String,java.lang.String,java.lang.String,java.lang.String,java.lang.String,java.lang.String,java.lang.String,java.lang.String,java.lang.String)[pri:0, instance:testscripts.smoke.functional.CreateQuestionTest@7e7be63f] output={null}]]]>
              </value>
            </param>
          </params>
          <reporter-output>
          </reporter-output>
        </test-method> <!-- tearDown -->
        <test-method is-config="true" signature="setup()[pri:0, instance:testscripts.smoke.functional.CreateQuestionTest@7e7be63f]" started-at="2025-03-09T12:49:36 IST" name="setup" finished-at="2025-03-09T12:49:50 IST" duration-ms="14304" status="PASS">
          <reporter-output>
          </reporter-output>
        </test-method> <!-- setup -->
        <test-method signature="verifyCreateQuestionDataDriven(java.lang.String,java.lang.String,java.lang.String,java.lang.String,java.lang.String,java.lang.String,java.lang.String,java.lang.String,java.lang.String,java.lang.String,java.lang.String,java.lang.String,java.lang.String,java.lang.String,java.lang.String)[pri:0, instance:testscripts.smoke.functional.CreateQuestionTest@7e7be63f]" started-at="2025-03-09T12:49:50 IST" name="verifyCreateQuestionDataDriven" data-provider="getDataForCreateQuestion" finished-at="2025-03-09T12:50:11 IST" duration-ms="20833" status="PASS">
          <params>
            <param index="0">
              <value>
                <![CDATA[Exception]]>
              </value>
            </param>
            <param index="1">
              <value>
                <![CDATA[Which exception is thrown when a class is not found at runtime?]]>
              </value>
            </param>
            <param index="2">
              <value>
                <![CDATA[ClassNotFoundException]]>
              </value>
            </param>
            <param index="3">
              <value>
                <![CDATA[NullPointerException]]>
              </value>
            </param>
            <param index="4">
              <value>
                <![CDATA[IOException]]>
              </value>
            </param>
            <param index="5">
              <value>
                <![CDATA[ArithmeticException]]>
              </value>
            </param>
            <param index="6">
              <value>
                <![CDATA[]]>
              </value>
            </param>
            <param index="7">
              <value>
                <![CDATA[]]>
              </value>
            </param>
            <param index="8">
              <value>
                <![CDATA[Option 1]]>
              </value>
            </param>
            <param index="9">
              <value>
                <![CDATA[2.0]]>
              </value>
            </param>
            <param index="10">
              <value>
                <![CDATA[Easy]]>
              </value>
            </param>
            <param index="11">
              <value>
                <![CDATA[Nov-Batch]]>
              </value>
            </param>
            <param index="12">
              <value>
                <![CDATA[programming languages: java]]>
              </value>
            </param>
            <param index="13">
              <value>
                <![CDATA[annotations]]>
              </value>
            </param>
            <param index="14">
              <value>
                <![CDATA[Question published successfully]]>
              </value>
            </param>
          </params>
          <reporter-output>
          </reporter-output>
        </test-method> <!-- verifyCreateQuestionDataDriven -->
        <test-method is-config="true" signature="tearDown(org.testng.ITestResult)[pri:0, instance:testscripts.smoke.functional.CreateQuestionTest@7e7be63f]" started-at="2025-03-09T12:50:11 IST" name="tearDown" finished-at="2025-03-09T12:50:11 IST" duration-ms="0" status="PASS">
          <params>
            <param index="0">
              <value>
                <![CDATA[[TestResult name=verifyCreateQuestionDataDriven status=SUCCESS method=CreateQuestionTest.verifyCreateQuestionDataDriven(java.lang.String,java.lang.String,java.lang.String,java.lang.String,java.lang.String,java.lang.String,java.lang.String,java.lang.String,java.lang.String,java.lang.String,java.lang.String,java.lang.String,java.lang.String,java.lang.String,java.lang.String)[pri:0, instance:testscripts.smoke.functional.CreateQuestionTest@7e7be63f] output={null}]]]>
              </value>
            </param>
          </params>
          <reporter-output>
          </reporter-output>
        </test-method> <!-- tearDown -->
        <test-method is-config="true" signature="setup()[pri:0, instance:testscripts.smoke.functional.CreateQuestionTest@7e7be63f]" started-at="2025-03-09T12:50:11 IST" name="setup" finished-at="2025-03-09T12:50:26 IST" duration-ms="15000" status="PASS">
          <reporter-output>
          </reporter-output>
        </test-method> <!-- setup -->
        <test-method signature="verifyCreateQuestionDataDriven(java.lang.String,java.lang.String,java.lang.String,java.lang.String,java.lang.String,java.lang.String,java.lang.String,java.lang.String,java.lang.String,java.lang.String,java.lang.String,java.lang.String,java.lang.String,java.lang.String,java.lang.String)[pri:0, instance:testscripts.smoke.functional.CreateQuestionTest@7e7be63f]" started-at="2025-03-09T12:50:26 IST" name="verifyCreateQuestionDataDriven" data-provider="getDataForCreateQuestion" finished-at="2025-03-09T12:50:49 IST" duration-ms="23344" status="PASS">
          <params>
            <param index="0">
              <value>
                <![CDATA[String]]>
              </value>
            </param>
            <param index="1">
              <value>
                <![CDATA[Where are string literals stored in Java?]]>
              </value>
            </param>
            <param index="2">
              <value>
                <![CDATA[Heap Memory]]>
              </value>
            </param>
            <param index="3">
              <value>
                <![CDATA[String Pool]]>
              </value>
            </param>
            <param index="4">
              <value>
                <![CDATA[Stack Memory]]>
              </value>
            </param>
            <param index="5">
              <value>
                <![CDATA[Metaspace]]>
              </value>
            </param>
            <param index="6">
              <value>
                <![CDATA[]]>
              </value>
            </param>
            <param index="7">
              <value>
                <![CDATA[]]>
              </value>
            </param>
            <param index="8">
              <value>
                <![CDATA[Option 2]]>
              </value>
            </param>
            <param index="9">
              <value>
                <![CDATA[3.0]]>
              </value>
            </param>
            <param index="10">
              <value>
                <![CDATA[Medium]]>
              </value>
            </param>
            <param index="11">
              <value>
                <![CDATA[Nov-Batch]]>
              </value>
            </param>
            <param index="12">
              <value>
                <![CDATA[programming languages: java]]>
              </value>
            </param>
            <param index="13">
              <value>
                <![CDATA[garbage collection]]>
              </value>
            </param>
            <param index="14">
              <value>
                <![CDATA[Question published successfully]]>
              </value>
            </param>
          </params>
          <reporter-output>
          </reporter-output>
        </test-method> <!-- verifyCreateQuestionDataDriven -->
        <test-method is-config="true" signature="tearDown(org.testng.ITestResult)[pri:0, instance:testscripts.smoke.functional.CreateQuestionTest@7e7be63f]" started-at="2025-03-09T12:50:49 IST" name="tearDown" finished-at="2025-03-09T12:50:49 IST" duration-ms="1" status="PASS">
          <params>
            <param index="0">
              <value>
                <![CDATA[[TestResult name=verifyCreateQuestionDataDriven status=SUCCESS method=CreateQuestionTest.verifyCreateQuestionDataDriven(java.lang.String,java.lang.String,java.lang.String,java.lang.String,java.lang.String,java.lang.String,java.lang.String,java.lang.String,java.lang.String,java.lang.String,java.lang.String,java.lang.String,java.lang.String,java.lang.String,java.lang.String)[pri:0, instance:testscripts.smoke.functional.CreateQuestionTest@7e7be63f] output={null}]]]>
              </value>
            </param>
          </params>
          <reporter-output>
          </reporter-output>
        </test-method> <!-- tearDown -->
      </class> <!-- testscripts.smoke.functional.CreateQuestionTest -->
    </test> <!-- Test -->
  </suite> <!-- Suite -->
</testng-results>
