<?xml version="1.0" encoding="UTF-8"?>
<!-- Generated by org.testng.reporters.JUnitXMLReporter -->
<testsuite ignored="0" hostname="HarshVegada" failures="1" tests="1" name="Login Test Cases" time="17.112" errors="0" timestamp="2025-03-20T08:06:45 IST">
  <testcase classname="testscripts.smoke.functional.LoginTest" name="verifyLoginForValidCredentials" time="0.151">
    <failure type="java.lang.AssertionError" message="expected [https://staging.app.hirecorrecto.com/dashboard1] but found [https://staging.app.hirecorrecto.com/dashboard]">
      <![CDATA[java.lang.AssertionError: expected [https://staging.app.hirecorrecto.com/dashboard1] but found [https://staging.app.hirecorrecto.com/dashboard]
at testscripts.smoke.functional.LoginTest.verifyLoginForValidCredentials(LoginTest.java:49)
at java.base/java.util.ArrayList.forEach(ArrayList.java:1541)
... Removed 33 stack frames]]>
    </failure>
  </testcase> <!-- verifyLoginForValidCredentials -->
</testsuite> <!-- Login Test Cases -->
